<?xml version="1.0" encoding="UTF-8"?>
<!-- Generated by org.testng.reporters.JUnitReportReporter -->
<testsuite hostname="God-Mode" failures="0" tests="2" name="TestRunner.Runner" time="47.796" errors="0" timestamp="2025-01-25T18:27:40 IST" skipped="0">
  <testcase classname="TestRunner.Runner" name="runScenario" time="19.768"/>
  <system-out/>
  <testcase classname="TestRunner.Runner" name="runScenario" time="28.028"/>
  <system-out/>
</testsuite> <!-- TestRunner.Runner -->
